{"code":"42601","driverError":{"code":"42601","file":"scan.l","length":117,"line":"1172","name":"error","position":"58","routine":"scanner_yyerror","severity":"ОШИБКА"},"file":"scan.l","length":117,"level":"error","line":"1172","position":"58","query":"ALTER TABLE \"users\" ALTER COLUMN \"createdAt\" SET DEFAULT ","routine":"scanner_yyerror","severity":"ОШИБКА"}
{"level":"error","message":"отношение \"users\" не существует"}
{"level":"error","message":"отношение \"users\" не существует"}
{"level":"error","message":"отношение \"users\" не существует"}
{"level":"error","message":"отношение \"users\" не существует"}
{"level":"error","message":"отношение \"users\" не существует"}
{"level":"error","message":"no refresh token"}
{"level":"error","message":"Cannot read properties of null (reading 'remove')"}
{"level":"error","message":"Cannot read properties of null (reading 'remove')"}
{"level":"error","message":"Cannot read properties of null (reading 'remove')"}
{"level":"error","message":"Cannot read properties of undefined (reading 'refreshTokenCookieName')"}
{"code":"23502","column":"isActivated","driverError":{"code":"23502","column":"isActivated","file":"tablecmds.c","length":192,"line":"5901","name":"error","routine":"ATRewriteTable","schema":"public","severity":"ОШИБКА","table":"users"},"file":"tablecmds.c","length":192,"level":"error","line":"5901","query":"ALTER TABLE \"users\" ADD \"isActivated\" boolean NOT NULL","routine":"ATRewriteTable","schema":"public","severity":"ОШИБКА","table":"users"}
{"code":"23502","column":"isActivated","driverError":{"code":"23502","column":"isActivated","file":"tablecmds.c","length":192,"line":"5901","name":"error","routine":"ATRewriteTable","schema":"public","severity":"ОШИБКА","table":"users"},"file":"tablecmds.c","length":192,"level":"error","line":"5901","query":"ALTER TABLE \"users\" ADD \"isActivated\" boolean NOT NULL","routine":"ATRewriteTable","schema":"public","severity":"ОШИБКА","table":"users"}
{"code":"23502","column":"isActivated","driverError":{"code":"23502","column":"isActivated","file":"tablecmds.c","length":192,"line":"5901","name":"error","routine":"ATRewriteTable","schema":"public","severity":"ОШИБКА","table":"users"},"file":"tablecmds.c","length":192,"level":"error","line":"5901","query":"ALTER TABLE \"users\" ADD \"isActivated\" boolean NOT NULL","routine":"ATRewriteTable","schema":"public","severity":"ОШИБКА","table":"users"}
{"code":"23502","column":"isActivated","driverError":{"code":"23502","column":"isActivated","file":"tablecmds.c","length":192,"line":"5901","name":"error","routine":"ATRewriteTable","schema":"public","severity":"ОШИБКА","table":"users"},"file":"tablecmds.c","length":192,"level":"error","line":"5901","query":"ALTER TABLE \"users\" ADD \"isActivated\" boolean NOT NULL","routine":"ATRewriteTable","schema":"public","severity":"ОШИБКА","table":"users"}
{"code":"23502","column":"activationCode","driverError":{"code":"23502","column":"activationCode","file":"tablecmds.c","length":198,"line":"5901","name":"error","routine":"ATRewriteTable","schema":"public","severity":"ОШИБКА","table":"users"},"file":"tablecmds.c","length":198,"level":"error","line":"5901","query":"ALTER TABLE \"users\" ADD \"activationCode\" character varying NOT NULL","routine":"ATRewriteTable","schema":"public","severity":"ОШИБКА","table":"users"}
{"code":"23502","column":"activationCode","driverError":{"code":"23502","column":"activationCode","file":"tablecmds.c","length":198,"line":"5901","name":"error","routine":"ATRewriteTable","schema":"public","severity":"ОШИБКА","table":"users"},"file":"tablecmds.c","length":198,"level":"error","line":"5901","query":"ALTER TABLE \"users\" ADD \"activationCode\" character varying NOT NULL","routine":"ATRewriteTable","schema":"public","severity":"ОШИБКА","table":"users"}
{"level":"error","message":"Invalid login: 535-5.7.8 Username and Password not accepted. Learn more at\n535 5.7.8  https://support.google.com/mail/?p=BadCredentials g17-20020a0565123b9100b00485caa0f5dfsm2421439lfv.44 - gsmtp"}
{"level":"error","message":"Invalid login: 535-5.7.8 Username and Password not accepted. Learn more at\n535 5.7.8  https://support.google.com/mail/?p=BadCredentials f23-20020a2eb5b7000000b00264b292232asm2283508ljn.63 - gsmtp"}
{"level":"error","message":"user with this email already exist"}
{"level":"error","message":"отношение \"users\" не существует"}
{"level":"error","message":"отношение \"users\" не существует"}
{"level":"error","message":"отношение \"users\" не существует"}
{"level":"error","message":"отношение \"users\" не существует"}
{"level":"error","message":"отношение \"users\" не существует"}
{"level":"error","message":"отношение \"users\" не существует"}
